2022.04.02 16:01:26 INFO  tracing is disabled for protocol LSP, to enable tracing of incoming and outgoing JSON messages create an empty file at /Users/sofianebelkhir/Documents/PPC/projet_code/.metals/lsp.trace.json or /Users/sofianebelkhir/Library/Caches/org.scalameta.metals/lsp.trace.json
2022.04.02 16:01:27 INFO  logging to file /Users/sofianebelkhir/Documents/PPC/projet_code/.metals/metals.log
2022.04.02 16:01:27 INFO  Started: Metals version 0.11.2 in workspace '/Users/sofianebelkhir/Documents/PPC/projet_code' for client Visual Studio Code 1.66.0.
2022.04.02 16:01:27 INFO  Parse release: 11.0.12
2022.04.02 16:01:34 INFO  time: initialize in 6.56s
2022.04.02 16:01:34 WARN  Build server is not auto-connectable.
2022.04.02 16:01:38 WARN  no build target for: /Users/sofianebelkhir/Documents/PPC/projet_code/src/main/scala/Musicien.scala
2022.04.02 16:01:38 WARN  no build target for: /Users/sofianebelkhir/Documents/PPC/projet_code/src/main/scala/Provider.scala
avr. 02, 2022 4:01:41 PM org.eclipse.lsp4j.jsonrpc.RemoteEndpoint handleCancellation
AVERTISSEMENT: Unmatched cancel notification for request id 6
2022.04.02 16:01:50 INFO  no build target found for /Users/sofianebelkhir/Documents/PPC/projet_code/src/main/scala/Provider.scala. Using presentation compiler with project's scala-library version: 3.1.1
2022.04.02 16:01:54 INFO  time: code lens generation in 13s
2022.04.02 16:01:54 INFO  time: code lens generation in 13s
2022.04.02 16:02:08 WARN  no build target for: /Users/sofianebelkhir/Documents/PPC/projet_code/src/main/scala/Musicien.scala
2022.04.02 16:02:28 WARN  no build target for: /Users/sofianebelkhir/Documents/PPC/projet_code/src/main/scala/Musicien.scala
2022.04.02 16:02:42 WARN  no build target for: /Users/sofianebelkhir/Documents/PPC/projet_code/src/main/scala/Musicien.scala
2022.04.02 16:03:01 WARN  no build target for: /Users/sofianebelkhir/Documents/PPC/projet_code/src/main/scala/Musicien.scala
2022.04.02 16:03:05 WARN  no build target for: /Users/sofianebelkhir/Documents/PPC/projet_code/src/main/scala/Musicien.scala
2022.04.02 16:06:48 WARN  no build target for: /Users/sofianebelkhir/Documents/PPC/projet_code/src/main/scala/Musicien.scala
2022.04.02 16:08:51 WARN  no build target for: /Users/sofianebelkhir/Documents/PPC/projet_code/src/main/scala/BroadcastSignal.scala
2022.04.02 16:08:51 WARN  no build target for: /Users/sofianebelkhir/Documents/PPC/projet_code/src/main/scala/BroadcastSignal.scala
avr. 02, 2022 4:14:48 PM org.eclipse.lsp4j.jsonrpc.RemoteEndpoint handleCancellation
AVERTISSEMENT: Unmatched cancel notification for request id 324
2022.04.02 16:14:48 WARN  no build target for: /Users/sofianebelkhir/Documents/PPC/projet_code/src/main/scala/DisplayActor.scala
2022.04.02 16:14:50 WARN  no build target for: /Users/sofianebelkhir/Documents/PPC/projet_code/src/main/scala/Database.scala
2022.04.02 16:14:50 WARN  no build target for: /Users/sofianebelkhir/Documents/PPC/projet_code/src/main/scala/Musicien.scala
2022.04.02 16:14:57 WARN  no build target for: /Users/sofianebelkhir/Documents/PPC/projet_code/src/main/scala/ChekerAlive.scala
avr. 02, 2022 4:17:02 PM org.eclipse.lsp4j.jsonrpc.RemoteEndpoint handleCancellation
AVERTISSEMENT: Unmatched cancel notification for request id 396
2022.04.02 16:17:06 WARN  no build target for: /Users/sofianebelkhir/Documents/PPC/projet_code/src/main/scala/Musicien.scala
2022.04.02 16:17:15 WARN  no build target for: /Users/sofianebelkhir/Documents/PPC/projet_code/src/main/scala/Musicien.scala
2022.04.02 16:17:15 WARN  no build target for: /Users/sofianebelkhir/Documents/PPC/projet_code/src/main/scala/Musicien.scala
2022.04.02 16:17:22 WARN  no build target for: /Users/sofianebelkhir/Documents/PPC/projet_code/src/main/scala/Musicien.scala
2022.04.02 16:17:29 WARN  no build target for: /Users/sofianebelkhir/Documents/PPC/projet_code/src/main/scala/Musicien.scala
2022.04.02 16:17:41 WARN  no build target for: /Users/sofianebelkhir/Documents/PPC/projet_code/src/main/scala/Musicien.scala
2022.04.02 16:17:45 WARN  no build target for: /Users/sofianebelkhir/Documents/PPC/projet_code/src/main/scala/Musicien.scala
2022.04.02 16:17:50 WARN  no build target for: /Users/sofianebelkhir/Documents/PPC/projet_code/src/main/scala/Musicien.scala
2022.04.02 16:17:57 WARN  no build target for: /Users/sofianebelkhir/Documents/PPC/projet_code/src/main/scala/Musicien.scala
2022.04.02 16:18:22 WARN  no build target for: /Users/sofianebelkhir/Documents/PPC/projet_code/src/main/scala/Musicien.scala
2022.04.02 16:18:28 WARN  no build target for: /Users/sofianebelkhir/Documents/PPC/projet_code/src/main/scala/Musicien.scala
2022.04.02 16:18:31 WARN  no build target for: /Users/sofianebelkhir/Documents/PPC/projet_code/src/main/scala/Musicien.scala
2022.04.02 16:18:34 WARN  no build target for: /Users/sofianebelkhir/Documents/PPC/projet_code/src/main/scala/Musicien.scala
2022.04.02 16:19:20 WARN  no build target for: /Users/sofianebelkhir/Documents/PPC/projet_code/src/main/scala/Musicien.scala
2022.04.02 16:20:24 WARN  no build target for: /Users/sofianebelkhir/Documents/PPC/projet_code/src/main/scala/Musicien.scala
2022.04.02 16:21:16 WARN  no build target for: /Users/sofianebelkhir/Documents/PPC/projet_code/src/main/scala/BroadcastSignal.scala
2022.04.02 16:21:27 WARN  no build target for: /Users/sofianebelkhir/Documents/PPC/projet_code/src/main/scala/BroadcastSignal.scala
2022.04.02 16:21:39 WARN  no build target for: /Users/sofianebelkhir/Documents/PPC/projet_code/src/main/scala/BroadcastSignal.scala
2022.04.02 16:22:25 WARN  no build target for: /Users/sofianebelkhir/Documents/PPC/projet_code/src/main/scala/BroadcastSignal.scala
2022.04.02 16:23:01 WARN  no build target for: /Users/sofianebelkhir/Documents/PPC/projet_code/src/main/scala/BroadcastSignal.scala
2022.04.02 16:24:40 WARN  no build target for: /Users/sofianebelkhir/Documents/PPC/projet_code/src/main/scala/BroadcastSignal.scala
2022.04.02 16:25:48 WARN  no build target for: /Users/sofianebelkhir/Documents/PPC/projet_code/src/main/scala/BroadcastSignal.scala
2022.04.02 16:26:09 WARN  no build target for: /Users/sofianebelkhir/Documents/PPC/projet_code/src/main/scala/BroadcastSignal.scala
2022.04.02 16:26:32 WARN  no build target for: /Users/sofianebelkhir/Documents/PPC/projet_code/src/main/scala/Musicien.scala
2022.04.02 16:26:32 WARN  no build target for: /Users/sofianebelkhir/Documents/PPC/projet_code/src/main/scala/BroadcastSignal.scala
avr. 02, 2022 4:26:41 PM org.eclipse.lsp4j.jsonrpc.RemoteEndpoint handleCancellation
AVERTISSEMENT: Unmatched cancel notification for request id 939
avr. 02, 2022 4:27:11 PM org.eclipse.lsp4j.jsonrpc.RemoteEndpoint handleCancellation
AVERTISSEMENT: Unmatched cancel notification for request id 1027
avr. 02, 2022 4:27:14 PM org.eclipse.lsp4j.jsonrpc.RemoteEndpoint handleCancellation
AVERTISSEMENT: Unmatched cancel notification for request id 1055
2022.04.02 16:27:31 WARN  no build target for: /Users/sofianebelkhir/Documents/PPC/projet_code/src/main/scala/BroadcastSignal.scala
2022.04.02 16:27:45 WARN  no build target for: /Users/sofianebelkhir/Documents/PPC/projet_code/src/main/scala/BroadcastSignal.scala
2022.04.02 16:28:11 WARN  no build target for: /Users/sofianebelkhir/Documents/PPC/projet_code/src/main/scala/BroadcastSignal.scala
2022.04.02 16:29:11 WARN  no build target for: /Users/sofianebelkhir/Documents/PPC/projet_code/src/main/scala/BroadcastSignal.scala
2022.04.02 16:29:53 WARN  no build target for: /Users/sofianebelkhir/Documents/PPC/projet_code/src/main/scala/BroadcastSignal.scala
2022.04.02 16:29:53 WARN  no build target for: /Users/sofianebelkhir/Documents/PPC/projet_code/src/main/scala/Musicien.scala
2022.04.02 16:30:10 WARN  no build target for: /Users/sofianebelkhir/Documents/PPC/projet_code/src/main/scala/BroadcastSignal.scala
2022.04.02 16:30:12 WARN  no build target for: /Users/sofianebelkhir/Documents/PPC/projet_code/src/main/scala/BroadcastSignal.scala
2022.04.02 16:31:06 WARN  no build target for: /Users/sofianebelkhir/Documents/PPC/projet_code/src/main/scala/BroadcastSignal.scala
2022.04.02 16:31:57 WARN  no build target for: /Users/sofianebelkhir/Documents/PPC/projet_code/src/main/scala/Chef_orchestre.scala
2022.04.02 16:31:57 WARN  no build target for: /Users/sofianebelkhir/Documents/PPC/projet_code/src/main/scala/Chef_orchestre.scala
2022.04.02 16:32:00 WARN  no build target for: /Users/sofianebelkhir/Documents/PPC/projet_code/src/main/scala/ChekerAlive.scala
2022.04.02 16:32:00 WARN  no build target for: /Users/sofianebelkhir/Documents/PPC/projet_code/src/main/scala/ChekerAlive.scala
2022.04.02 16:32:00 WARN  no build target for: /Users/sofianebelkhir/Documents/PPC/projet_code/src/main/scala/ChekerAlive.scala
2022.04.02 16:32:29 WARN  no build target for: /Users/sofianebelkhir/Documents/PPC/projet_code/src/main/scala/ChekerAlive.scala
2022.04.02 16:32:58 WARN  no build target for: /Users/sofianebelkhir/Documents/PPC/projet_code/src/main/scala/ChekerAlive.scala
2022.04.02 16:33:31 WARN  no build target for: /Users/sofianebelkhir/Documents/PPC/projet_code/src/main/scala/BroadcastSignal.scala
2022.04.02 16:35:02 WARN  no build target for: /Users/sofianebelkhir/Documents/PPC/projet_code/src/main/scala/Musicien.scala
2022.04.02 16:35:04 WARN  no build target for: /Users/sofianebelkhir/Documents/PPC/projet_code/src/main/scala/ChekerAlive.scala
2022.04.02 16:35:58 WARN  no build target for: /Users/sofianebelkhir/Documents/PPC/projet_code/src/main/scala/Chef_orchestre.scala
2022.04.02 16:36:54 WARN  no build target for: /Users/sofianebelkhir/Documents/PPC/projet_code/src/main/scala/ChekerAlive.scala
2022.04.02 16:37:20 WARN  no build target for: /Users/sofianebelkhir/Documents/PPC/projet_code/src/main/scala/Musicien.scala
2022.04.02 16:37:20 WARN  no build target for: /Users/sofianebelkhir/Documents/PPC/projet_code/src/main/scala/ChekerAlive.scala
2022.04.02 16:37:29 WARN  no build target for: /Users/sofianebelkhir/Documents/PPC/projet_code/src/main/scala/ChekerAlive.scala
avr. 02, 2022 4:37:56 PM org.eclipse.lsp4j.jsonrpc.RemoteEndpoint handleCancellation
AVERTISSEMENT: Unmatched cancel notification for request id 1474
2022.04.02 16:38:02 WARN  no build target for: /Users/sofianebelkhir/Documents/PPC/projet_code/src/main/scala/Chef_orchestre.scala
2022.04.02 16:38:10 WARN  no build target for: /Users/sofianebelkhir/Documents/PPC/projet_code/src/main/scala/Chef_orchestre.scala
2022.04.02 16:38:18 WARN  no build target for: /Users/sofianebelkhir/Documents/PPC/projet_code/src/main/scala/Chef_orchestre.scala
2022.04.02 16:38:19 WARN  no build target for: /Users/sofianebelkhir/Documents/PPC/projet_code/src/main/scala/ChekerAlive.scala
2022.04.02 16:38:30 WARN  no build target for: /Users/sofianebelkhir/Documents/PPC/projet_code/src/main/scala/ChekerAlive.scala
2022.04.02 16:38:38 WARN  no build target for: /Users/sofianebelkhir/Documents/PPC/projet_code/src/main/scala/ChekerAlive.scala
2022.04.02 16:38:42 WARN  no build target for: /Users/sofianebelkhir/Documents/PPC/projet_code/src/main/scala/ChekerAlive.scala
2022.04.02 16:39:02 WARN  no build target for: /Users/sofianebelkhir/Documents/PPC/projet_code/src/main/scala/ChekerAlive.scala
2022.04.02 16:39:06 WARN  no build target for: /Users/sofianebelkhir/Documents/PPC/projet_code/src/main/scala/ChekerAlive.scala
2022.04.02 16:39:13 WARN  no build target for: /Users/sofianebelkhir/Documents/PPC/projet_code/src/main/scala/ChekerAlive.scala
2022.04.02 16:39:35 WARN  no build target for: /Users/sofianebelkhir/Documents/PPC/projet_code/src/main/scala/ChekerAlive.scala
2022.04.02 16:39:50 WARN  no build target for: /Users/sofianebelkhir/Documents/PPC/projet_code/src/main/scala/ChekerAlive.scala
2022.04.02 16:40:15 WARN  no build target for: /Users/sofianebelkhir/Documents/PPC/projet_code/src/main/scala/ChekerAlive.scala
2022.04.02 16:40:35 WARN  no build target for: /Users/sofianebelkhir/Documents/PPC/projet_code/src/main/scala/ChekerAlive.scala
2022.04.02 16:40:42 WARN  no build target for: /Users/sofianebelkhir/Documents/PPC/projet_code/src/main/scala/ChekerAlive.scala
2022.04.02 16:40:47 WARN  no build target for: /Users/sofianebelkhir/Documents/PPC/projet_code/src/main/scala/ChekerAlive.scala
2022.04.02 16:41:07 WARN  no build target for: /Users/sofianebelkhir/Documents/PPC/projet_code/src/main/scala/ChekerAlive.scala
2022.04.02 16:42:06 WARN  no build target for: /Users/sofianebelkhir/Documents/PPC/projet_code/src/main/scala/ChekerAlive.scala
2022.04.02 16:42:31 WARN  no build target for: /Users/sofianebelkhir/Documents/PPC/projet_code/src/main/scala/ChekerAlive.scala
2022.04.02 16:42:57 WARN  no build target for: /Users/sofianebelkhir/Documents/PPC/projet_code/src/main/scala/ChekerAlive.scala
2022.04.02 16:43:49 WARN  no build target for: /Users/sofianebelkhir/Documents/PPC/projet_code/src/main/scala/ChekerAlive.scala
2022.04.02 16:46:30 WARN  no build target for: /Users/sofianebelkhir/Documents/PPC/projet_code/src/main/scala/ChekerAlive.scala
2022.04.02 16:46:30 WARN  no build target for: /Users/sofianebelkhir/Documents/PPC/projet_code/src/main/scala/Musicien.scala
2022.04.02 16:47:44 WARN  no build target for: /Users/sofianebelkhir/Documents/PPC/projet_code/src/main/scala/Chef_orchestre.scala
2022.04.02 16:47:53 WARN  no build target for: /Users/sofianebelkhir/Documents/PPC/projet_code/src/main/scala/Musicien.scala
2022.04.02 16:47:53 WARN  no build target for: /Users/sofianebelkhir/Documents/PPC/projet_code/src/main/scala/ChekerAlive.scala
2022.04.02 16:48:22 WARN  no build target for: /Users/sofianebelkhir/Documents/PPC/projet_code/src/main/scala/ChekerAlive.scala
2022.04.02 16:48:28 WARN  no build target for: /Users/sofianebelkhir/Documents/PPC/projet_code/src/main/scala/Chef_orchestre.scala
2022.04.02 16:48:53 WARN  no build target for: /Users/sofianebelkhir/Documents/PPC/projet_code/src/main/scala/Chef_orchestre.scala
2022.04.02 16:48:57 WARN  no build target for: /Users/sofianebelkhir/Documents/PPC/projet_code/src/main/scala/Chef_orchestre.scala
2022.04.02 16:49:51 WARN  no build target for: /Users/sofianebelkhir/Documents/PPC/projet_code/src/main/scala/ChekerAlive.scala
2022.04.02 16:50:16 WARN  no build target for: /Users/sofianebelkhir/Documents/PPC/projet_code/src/main/scala/ChekerAlive.scala
2022.04.02 16:50:19 WARN  no build target for: /Users/sofianebelkhir/Documents/PPC/projet_code/src/main/scala/ChekerAlive.scala
2022.04.02 16:50:27 WARN  no build target for: /Users/sofianebelkhir/Documents/PPC/projet_code/src/main/scala/ChekerAlive.scala
2022.04.02 16:51:10 WARN  no build target for: /Users/sofianebelkhir/Documents/PPC/projet_code/src/main/scala/ChekerAlive.scala
2022.04.02 16:51:50 WARN  no build target for: /Users/sofianebelkhir/Documents/PPC/projet_code/src/main/scala/ChekerAlive.scala
2022.04.02 16:52:17 WARN  no build target for: /Users/sofianebelkhir/Documents/PPC/projet_code/src/main/scala/ChekerAlive.scala
2022.04.02 16:52:26 WARN  no build target for: /Users/sofianebelkhir/Documents/PPC/projet_code/src/main/scala/ChekerAlive.scala
2022.04.02 16:52:33 WARN  no build target for: /Users/sofianebelkhir/Documents/PPC/projet_code/src/main/scala/ChekerAlive.scala
2022.04.02 16:52:40 WARN  no build target for: /Users/sofianebelkhir/Documents/PPC/projet_code/src/main/scala/ChekerAlive.scala
2022.04.02 16:52:55 WARN  no build target for: /Users/sofianebelkhir/Documents/PPC/projet_code/src/main/scala/ChekerAlive.scala
2022.04.02 16:52:58 WARN  no build target for: /Users/sofianebelkhir/Documents/PPC/projet_code/src/main/scala/ChekerAlive.scala
2022.04.02 16:53:23 WARN  no build target for: /Users/sofianebelkhir/Documents/PPC/projet_code/src/main/scala/ChekerAlive.scala
2022.04.02 16:53:27 WARN  no build target for: /Users/sofianebelkhir/Documents/PPC/projet_code/src/main/scala/ChekerAlive.scala
2022.04.02 16:53:29 WARN  no build target for: /Users/sofianebelkhir/Documents/PPC/projet_code/src/main/scala/ChekerAlive.scala
2022.04.02 16:55:04 WARN  no build target for: /Users/sofianebelkhir/Documents/PPC/projet_code/src/main/scala/ChekerAlive.scala
2022.04.02 16:55:07 WARN  no build target for: /Users/sofianebelkhir/Documents/PPC/projet_code/src/main/scala/ChekerAlive.scala
2022.04.02 16:55:33 WARN  no build target for: /Users/sofianebelkhir/Documents/PPC/projet_code/src/main/scala/ChekerAlive.scala
2022.04.02 16:56:07 WARN  no build target for: /Users/sofianebelkhir/Documents/PPC/projet_code/src/main/scala/ChekerAlive.scala
2022.04.02 16:56:08 WARN  no build target for: /Users/sofianebelkhir/Documents/PPC/projet_code/src/main/scala/ChekerAlive.scala
2022.04.02 16:56:11 WARN  no build target for: /Users/sofianebelkhir/Documents/PPC/projet_code/src/main/scala/ChekerAlive.scala
2022.04.02 16:56:37 WARN  no build target for: /Users/sofianebelkhir/Documents/PPC/projet_code/src/main/scala/ChekerAlive.scala
2022.04.02 16:56:47 WARN  no build target for: /Users/sofianebelkhir/Documents/PPC/projet_code/src/main/scala/ChekerAlive.scala
2022.04.02 16:56:50 WARN  no build target for: /Users/sofianebelkhir/Documents/PPC/projet_code/src/main/scala/ChekerAlive.scala
2022.04.02 16:57:26 WARN  no build target for: /Users/sofianebelkhir/Documents/PPC/projet_code/src/main/scala/Chef_orchestre.scala
2022.04.02 17:00:33 WARN  no build target for: /Users/sofianebelkhir/Documents/PPC/projet_code/src/main/scala/ChekerAlive.scala
2022.04.02 17:04:46 WARN  no build target for: /Users/sofianebelkhir/Documents/PPC/projet_code/src/main/scala/ChekerAlive.scala
2022.04.02 17:05:19 WARN  no build target for: /Users/sofianebelkhir/Documents/PPC/projet_code/src/main/scala/ChekerAlive.scala
avr. 02, 2022 5:05:31 PM org.eclipse.lsp4j.jsonrpc.RemoteEndpoint handleCancellation
AVERTISSEMENT: Unmatched cancel notification for request id 2702
2022.04.02 17:05:32 WARN  no build target for: /Users/sofianebelkhir/Documents/PPC/projet_code/src/main/scala/ChekerAlive.scala
2022.04.02 17:05:56 WARN  no build target for: /Users/sofianebelkhir/Documents/PPC/projet_code/src/main/scala/ChekerAlive.scala
2022.04.02 17:06:24 WARN  no build target for: /Users/sofianebelkhir/Documents/PPC/projet_code/src/main/scala/ChekerAlive.scala
2022.04.02 17:06:58 WARN  no build target for: /Users/sofianebelkhir/Documents/PPC/projet_code/src/main/scala/ChekerAlive.scala
2022.04.02 17:07:06 WARN  no build target for: /Users/sofianebelkhir/Documents/PPC/projet_code/src/main/scala/ChekerAlive.scala
2022.04.02 17:07:08 WARN  no build target for: /Users/sofianebelkhir/Documents/PPC/projet_code/src/main/scala/ChekerAlive.scala
2022.04.02 17:07:28 WARN  no build target for: /Users/sofianebelkhir/Documents/PPC/projet_code/src/main/scala/ChekerAlive.scala
avr. 02, 2022 5:07:47 PM org.eclipse.lsp4j.jsonrpc.RemoteEndpoint handleCancellation
AVERTISSEMENT: Unmatched cancel notification for request id 3026
2022.04.02 17:09:18 WARN  no build target for: /Users/sofianebelkhir/Documents/PPC/projet_code/src/main/scala/ChekerAlive.scala
2022.04.02 17:12:48 WARN  no build target for: /Users/sofianebelkhir/Documents/PPC/projet_code/src/main/scala/Musicien.scala
2022.04.02 17:14:48 WARN  no build target for: /Users/sofianebelkhir/Documents/PPC/projet_code/src/main/scala/Musicien.scala
2022.04.02 17:14:48 WARN  no build target for: /Users/sofianebelkhir/Documents/PPC/projet_code/src/main/scala/Musicien.scala
2022.04.02 17:21:08 WARN  no build target for: /Users/sofianebelkhir/Documents/PPC/projet_code/src/main/scala/ChekerAlive.scala
2022.04.02 17:39:40 WARN  no build target for: /Users/sofianebelkhir/Documents/PPC/projet_code/src/main/scala/ChekerAlive.scala
avr. 02, 2022 5:47:34 PM org.eclipse.lsp4j.jsonrpc.RemoteEndpoint handleCancellation
AVERTISSEMENT: Unmatched cancel notification for request id 3292
2022.04.02 17:49:16 WARN  no build target for: /Users/sofianebelkhir/Documents/PPC/projet_code/src/main/scala/ChekerAlive.scala
avr. 02, 2022 5:49:46 PM org.eclipse.lsp4j.jsonrpc.RemoteEndpoint handleCancellation
AVERTISSEMENT: Unmatched cancel notification for request id 3565
2022.04.02 17:50:14 WARN  no build target for: /Users/sofianebelkhir/Documents/PPC/projet_code/src/main/scala/ChekerAlive.scala
2022.04.02 17:51:02 WARN  no build target for: /Users/sofianebelkhir/Documents/PPC/projet_code/src/main/scala/ChekerAlive.scala
2022.04.02 17:51:54 WARN  no build target for: /Users/sofianebelkhir/Documents/PPC/projet_code/src/main/scala/ChekerAlive.scala
2022.04.02 17:52:07 WARN  no build target for: /Users/sofianebelkhir/Documents/PPC/projet_code/src/main/scala/ChekerAlive.scala
Exception in thread "pool-3-thread-1" java.lang.InterruptedException
	at scala.meta.internal.metals.FutureCancelToken.checkCanceled(FutureCancelToken.scala:29)
	at scala.meta.internal.pc.CompilerAccess.onCompilerJobQueue$$anonfun$1(CompilerAccess.scala:195)
	at scala.meta.internal.pc.CompilerJobQueue$Job.run(CompilerJobQueue.scala:139)
	at java.base/java.util.concurrent.ThreadPoolExecutor.runWorker(ThreadPoolExecutor.java:1128)
	at java.base/java.util.concurrent.ThreadPoolExecutor$Worker.run(ThreadPoolExecutor.java:628)
	at java.base/java.lang.Thread.run(Thread.java:829)
Exception in thread "pool-3-thread-2" java.lang.InterruptedException
	at scala.meta.internal.metals.FutureCancelToken.checkCanceled(FutureCancelToken.scala:29)
	at scala.meta.internal.pc.CompilerAccess.onCompilerJobQueue$$anonfun$1(CompilerAccess.scala:195)
	at scala.meta.internal.pc.CompilerJobQueue$Job.run(CompilerJobQueue.scala:139)
	at java.base/java.util.concurrent.ThreadPoolExecutor.runWorker(ThreadPoolExecutor.java:1128)
	at java.base/java.util.concurrent.ThreadPoolExecutor$Worker.run(ThreadPoolExecutor.java:628)
	at java.base/java.lang.Thread.run(Thread.java:829)
2022.04.02 17:52:47 WARN  no build target for: /Users/sofianebelkhir/Documents/PPC/projet_code/src/main/scala/ChekerAlive.scala
2022.04.02 17:52:50 WARN  no build target for: /Users/sofianebelkhir/Documents/PPC/projet_code/src/main/scala/ChekerAlive.scala
2022.04.02 17:52:58 WARN  no build target for: /Users/sofianebelkhir/Documents/PPC/projet_code/src/main/scala/ChekerAlive.scala
2022.04.02 17:53:19 WARN  no build target for: /Users/sofianebelkhir/Documents/PPC/projet_code/src/main/scala/ChekerAlive.scala
2022.04.02 17:53:54 WARN  no build target for: /Users/sofianebelkhir/Documents/PPC/projet_code/src/main/scala/ChekerAlive.scala
2022.04.02 17:54:32 WARN  no build target for: /Users/sofianebelkhir/Documents/PPC/projet_code/src/main/scala/ChekerAlive.scala
2022.04.02 17:54:39 WARN  no build target for: /Users/sofianebelkhir/Documents/PPC/projet_code/src/main/scala/ChekerAlive.scala
2022.04.02 17:55:21 WARN  no build target for: /Users/sofianebelkhir/Documents/PPC/projet_code/src/main/scala/ChekerAlive.scala
2022.04.02 17:57:44 WARN  no build target for: /Users/sofianebelkhir/Documents/PPC/projet_code/src/main/scala/ChekerAlive.scala
2022.04.02 17:58:08 WARN  no build target for: /Users/sofianebelkhir/Documents/PPC/projet_code/src/main/scala/ChekerAlive.scala
2022.04.02 17:58:08 WARN  no build target for: /Users/sofianebelkhir/Documents/PPC/projet_code/src/main/scala/BroadcastSignal.scala
2022.04.02 17:58:26 WARN  no build target for: /Users/sofianebelkhir/Documents/PPC/projet_code/src/main/scala/ChekerAlive.scala
2022.04.02 17:59:06 WARN  no build target for: /Users/sofianebelkhir/Documents/PPC/projet_code/src/main/scala/ChekerAlive.scala
2022.04.02 17:59:06 WARN  no build target for: /Users/sofianebelkhir/Documents/PPC/projet_code/src/main/scala/Musicien.scala
2022.04.02 17:59:06 WARN  no build target for: /Users/sofianebelkhir/Documents/PPC/projet_code/src/main/scala/BroadcastSignal.scala
2022.04.02 17:59:27 WARN  no build target for: /Users/sofianebelkhir/Documents/PPC/projet_code/src/main/scala/Controller.scala
2022.04.02 18:03:00 WARN  no build target for: /Users/sofianebelkhir/Documents/PPC/projet_code/src/main/scala/Database.scala
2022.04.02 18:03:01 WARN  no build target for: /Users/sofianebelkhir/Documents/PPC/projet_code/src/main/scala/Database.scala
2022.04.02 18:03:01 WARN  no build target for: /Users/sofianebelkhir/Documents/PPC/projet_code/src/main/scala/DisplayActor.scala
2022.04.02 18:03:01 WARN  no build target for: /Users/sofianebelkhir/Documents/PPC/projet_code/src/main/scala/DisplayActor.scala
2022.04.03 00:52:16 WARN  no build target for: /Users/sofianebelkhir/Documents/PPC/projet_code/src/main/scala/Controller.scala
2022.04.03 00:53:59 WARN  no build target for: /Users/sofianebelkhir/Documents/PPC/projet_code/src/main/scala/Controller.scala
2022.04.03 00:55:14 WARN  no build target for: /Users/sofianebelkhir/Documents/PPC/projet_code/src/main/scala/Controller.scala
2022.04.03 00:56:08 WARN  no build target for: /Users/sofianebelkhir/Documents/PPC/projet_code/src/main/scala/Controller.scala
2022.04.03 00:56:36 WARN  no build target for: /Users/sofianebelkhir/Documents/PPC/projet_code/src/main/scala/Controller.scala
2022.04.03 00:57:01 WARN  no build target for: /Users/sofianebelkhir/Documents/PPC/projet_code/src/main/scala/Controller.scala
2022.04.03 00:57:43 WARN  no build target for: /Users/sofianebelkhir/Documents/PPC/projet_code/src/main/scala/Controller.scala
2022.04.03 00:57:49 WARN  no build target for: /Users/sofianebelkhir/Documents/PPC/projet_code/src/main/scala/Controller.scala
